<?xml version="1.0" encoding="UTF-8"?>
<!-- Generated by org.testng.reporters.JUnitReportReporter -->
<testsuite hostname="DESKTOP-UNVGE05" failures="0" tests="1" name="rahulshettyacademy.Appium_practice.Assignment1" time="5.686" errors="0" timestamp="2023-07-11T08:19:38 AEST" skipped="0">
  <testcase classname="rahulshettyacademy.Appium_practice.Assignment1" name="Hololtheme" time="5.686"/>
  <system-out/>
</testsuite> <!-- rahulshettyacademy.Appium_practice.Assignment1 -->
