<?xml version="1.0" encoding="UTF-8"?>
<!-- Generated by org.testng.reporters.JUnitReportReporter -->
<testsuite hostname="DESKTOP-UNVGE05" failures="0" tests="1" name="rahulshettyacademy.Appium_practice.SwipeDemo" time="7.470" errors="0" timestamp="2023-07-10T15:00:05 AEST" skipped="0">
  <testcase classname="rahulshettyacademy.Appium_practice.SwipeDemo" name="longpress" time="7.470"/>
  <system-out/>
</testsuite> <!-- rahulshettyacademy.Appium_practice.SwipeDemo -->
