<?xml version="1.0" encoding="UTF-8"?>
<!-- Generated by org.testng.reporters.JUnitReportReporter -->
<testsuite hostname="DESKTOP-UNVGE05" failures="0" tests="1" name="rahulshettyacademy.Appium_practice.MobileBrowserTest" time="11.407" errors="0" timestamp="2023-07-12T14:19:38 AEST" skipped="0">
  <testcase classname="rahulshettyacademy.Appium_practice.MobileBrowserTest" name="openbrowser" time="11.407"/>
  <system-out/>
</testsuite> <!-- rahulshettyacademy.Appium_practice.MobileBrowserTest -->
