<?xml version="1.0" encoding="UTF-8"?>
<!-- Generated by org.testng.reporters.JUnitReportReporter -->
<testsuite hostname="DESKTOP-UNVGE05" failures="0" tests="1" name="rahulshettyacademy.Appium_practice.AppiumBasics" time="7.927" errors="0" timestamp="2023-07-10T10:41:20 AEST" skipped="0">
  <testcase classname="rahulshettyacademy.Appium_practice.AppiumBasics" name="wifiSettingName" time="7.927"/>
  <system-out/>
</testsuite> <!-- rahulshettyacademy.Appium_practice.AppiumBasics -->
