<?xml version="1.0" encoding="UTF-8"?>
<!-- Generated by org.testng.reporters.JUnitReportReporter -->
<testsuite hostname="DESKTOP-UNVGE05" failures="0" tests="1" name="rahulshettyacademy.Appium_practice.HybridApp" time="30.763" errors="0" timestamp="2023-07-13T10:19:50 AEST" skipped="0">
  <testcase classname="rahulshettyacademy.Appium_practice.HybridApp" name="addToCart_checkamount" time="30.763"/>
  <system-out/>
</testsuite> <!-- rahulshettyacademy.Appium_practice.HybridApp -->
