<?xml version="1.0" encoding="UTF-8"?>
<!-- Generated by org.testng.reporters.JUnitReportReporter -->
<testsuite hostname="DESKTOP-UNVGE05" failures="0" tests="1" name="rahulshettyacademy.Appium_practice.LongPress" time="10.302" errors="0" timestamp="2023-07-10T13:24:51 AEST" skipped="0">
  <testcase classname="rahulshettyacademy.Appium_practice.LongPress" name="longpress" time="10.302"/>
  <system-out/>
</testsuite> <!-- rahulshettyacademy.Appium_practice.LongPress -->
