<?xml version="1.0" encoding="UTF-8"?>
<!-- Generated by org.testng.reporters.JUnitReportReporter -->
<testsuite hostname="DESKTOP-UNVGE05" failures="0" tests="1" name="rahulshettyacademy.Appium_practice.dragDropDemo" time="7.784" errors="0" timestamp="2023-07-10T15:38:54 AEST" skipped="0">
  <testcase classname="rahulshettyacademy.Appium_practice.dragDropDemo" name="dragdrop" time="7.784"/>
  <system-out/>
</testsuite> <!-- rahulshettyacademy.Appium_practice.dragDropDemo -->
