<?xml version="1.0" encoding="UTF-8"?>
<!-- Generated by org.testng.reporters.JUnitReportReporter -->
<testsuite hostname="DESKTOP-UNVGE05" failures="0" tests="1" name="rahulshettyacademy.Appium_practice.ScrollDemo" time="11.380" errors="0" timestamp="2023-07-10T13:56:05 AEST" skipped="0">
  <testcase classname="rahulshettyacademy.Appium_practice.ScrollDemo" name="longpress" time="11.380"/>
  <system-out/>
</testsuite> <!-- rahulshettyacademy.Appium_practice.ScrollDemo -->
